===============================================================
LISTING
===============================================================
Compilation started: Feb  4 2023 00:07:57
---------------------------------------------------------------
    0000 0x01 push
    0001 0x00
    0002 0x00
    0003 0x00
    0004 0x00
    0005 0x00
    0006 0x00
    0007 0x14
    0008 0x40
    0009 0x01 push
    0010 0x00
    0011 0x00
    0012 0x00
    0013 0x00
    0014 0x00
    0015 0x00
    0016 0x18
    0017 0x40
    0018 0x05 mul
    0019 0x82 pop
    0020 0x00
    0021 0x00
    0022 0x00
    0023 0x00
    0024 0x01 push
    0025 0x00
    0026 0x00
    0027 0x00
    0028 0x00
    0029 0x00
    0030 0x00
    0031 0x00
    0032 0x00
    0033 0x82 pop
    0034 0x01
    0035 0x00
    0036 0x00
    0037 0x00
    0038 0x07 inp
    0039 0x82 pop
    0040 0x00
    0041 0x00
    0042 0x00
    0043 0x00
    0044 0x07 inp
    0045 0x82 pop
    0046 0x01
    0047 0x00
    0048 0x00
    0049 0x00
    0050 0x01 push
    0051 0x00
    0052 0x00
    0053 0x00
    0054 0x00
    0055 0x00
    0056 0x00
    0057 0x14
    0058 0x40
    0059 0x01 push
    0060 0x00
    0061 0x00
    0062 0x00
    0063 0x00
    0064 0x00
    0065 0x00
    0066 0x1C
    0067 0x40
    0068 0x01 push
    0069 0x00
    0070 0x00
    0071 0x00
    0072 0x00
    0073 0x00
    0074 0x00
    0075 0x10
    0076 0x40
    0077 0x04 sub
    0078 0x05 mul
    0079 0x81 push
    0080 0x00
    0081 0x00
    0082 0x00
    0083 0x00
    0084 0x81 push
    0085 0x00
    0086 0x00
    0087 0x00
    0088 0x00
    0089 0x17 ceil
    0090 0x03 add
    0091 0x03 add
    0092 0x82 pop
    0093 0x02
    0094 0x00
    0095 0x00
    0096 0x00
    0097 0x81 push
    0098 0x02
    0099 0x00
    0100 0x00
    0101 0x00
    0102 0x81 push
    0103 0x00
    0104 0x00
    0105 0x00
    0106 0x00
    0107 0x01 push
    0108 0x00
    0109 0x00
    0110 0x00
    0111 0x00
    0112 0x00
    0113 0x00
    0114 0x1C
    0115 0x40
    0116 0x03 add
    0117 0x04 sub
    0118 0x01 push
    0119 0x00
    0120 0x00
    0121 0x00
    0122 0x00
    0123 0x00
    0124 0x00
    0125 0x14
    0126 0x40
    0127 0x06 div
    0128 0x82 pop
    0129 0x01
    0130 0x00
    0131 0x00
    0132 0x00
    0133 0x81 push
    0134 0x01
    0135 0x00
    0136 0x00
    0137 0x00
    0138 0x08 out
    0139 0x01 push
    0140 0x00
    0141 0x00
    0142 0x00
    0143 0x00
    0144 0x00
    0145 0x00
    0146 0x00
    0147 0x40
    0148 0x01 push
    0149 0x00
    0150 0x00
    0151 0x00
    0152 0x00
    0153 0x00
    0154 0x00
    0155 0x10
    0156 0x40
    0157 0x04 sub
    0158 0x00 hlt
---------------------------------------------------------------
Round 1 ended
---------------------------------------------------------------
    0000 0x01 push
    0001 0x00
    0002 0x00
    0003 0x00
    0004 0x00
    0005 0x00
    0006 0x00
    0007 0x14
    0008 0x40
    0009 0x01 push
    0010 0x00
    0011 0x00
    0012 0x00
    0013 0x00
    0014 0x00
    0015 0x00
    0016 0x18
    0017 0x40
    0018 0x05 mul
    0019 0x82 pop
    0020 0x00
    0021 0x00
    0022 0x00
    0023 0x00
    0024 0x01 push
    0025 0x00
    0026 0x00
    0027 0x00
    0028 0x00
    0029 0x00
    0030 0x00
    0031 0x00
    0032 0x00
    0033 0x82 pop
    0034 0x01
    0035 0x00
    0036 0x00
    0037 0x00
    0038 0x07 inp
    0039 0x82 pop
    0040 0x00
    0041 0x00
    0042 0x00
    0043 0x00
    0044 0x07 inp
    0045 0x82 pop
    0046 0x01
    0047 0x00
    0048 0x00
    0049 0x00
    0050 0x01 push
    0051 0x00
    0052 0x00
    0053 0x00
    0054 0x00
    0055 0x00
    0056 0x00
    0057 0x14
    0058 0x40
    0059 0x01 push
    0060 0x00
    0061 0x00
    0062 0x00
    0063 0x00
    0064 0x00
    0065 0x00
    0066 0x1C
    0067 0x40
    0068 0x01 push
    0069 0x00
    0070 0x00
    0071 0x00
    0072 0x00
    0073 0x00
    0074 0x00
    0075 0x10
    0076 0x40
    0077 0x04 sub
    0078 0x05 mul
    0079 0x81 push
    0080 0x00
    0081 0x00
    0082 0x00
    0083 0x00
    0084 0x81 push
    0085 0x00
    0086 0x00
    0087 0x00
    0088 0x00
    0089 0x17 ceil
    0090 0x03 add
    0091 0x03 add
    0092 0x82 pop
    0093 0x02
    0094 0x00
    0095 0x00
    0096 0x00
    0097 0x81 push
    0098 0x02
    0099 0x00
    0100 0x00
    0101 0x00
    0102 0x81 push
    0103 0x00
    0104 0x00
    0105 0x00
    0106 0x00
    0107 0x01 push
    0108 0x00
    0109 0x00
    0110 0x00
    0111 0x00
    0112 0x00
    0113 0x00
    0114 0x1C
    0115 0x40
    0116 0x03 add
    0117 0x04 sub
    0118 0x01 push
    0119 0x00
    0120 0x00
    0121 0x00
    0122 0x00
    0123 0x00
    0124 0x00
    0125 0x14
    0126 0x40
    0127 0x06 div
    0128 0x82 pop
    0129 0x01
    0130 0x00
    0131 0x00
    0132 0x00
    0133 0x81 push
    0134 0x01
    0135 0x00
    0136 0x00
    0137 0x00
    0138 0x08 out
    0139 0x01 push
    0140 0x00
    0141 0x00
    0142 0x00
    0143 0x00
    0144 0x00
    0145 0x00
    0146 0x00
    0147 0x40
    0148 0x01 push
    0149 0x00
    0150 0x00
    0151 0x00
    0152 0x00
    0153 0x00
    0154 0x00
    0155 0x10
    0156 0x40
    0157 0x04 sub
    0158 0x00 hlt
---------------------------------------------------------------
Round 2 ended
---------------------------------------------------------------
---------------------------------------------------------------
---------------------------------------------------------------
sygnature 0xDA | version 0x01 (1) | size [9F 00 00 00] (159) | VRAM-size [00 00 00 00] (0)
---------------------------------------------------------------
Compilation ended: Feb  4 2023 00:07:57
===============================================================
